

Version:	3.50
CmdLine:	C:\Users\Doomed666\Documents\NetBeansProjects\MetReciclaAPP\MetRecicla.exe --l4j-debug
JNI:		No
WOW64:		Yes
Working dir:	C:\Users\Doomed666\Documents\NetBeansProjects\MetReciclaAPP\.
Requires JDK:	No
Requires 64-Bit: No
Java min ver:	1.010.000
Java max ver:	1.020.000
Substitute:	JAVA_HOME = 
Substitute:	PATH = C:\Program Files\Python311\Scripts\;C:\Program Files\Python311\;C:\app\Doomed666\product\21c\dbhomeXE\bin;C:\Program Files (x86)\Common Files\Intel\Shared Libraries\redist\ia32\compiler;C:\Program Files (x86)\Common Files\Intel\Shared Libraries\redist\intel64\compiler;C:\Program Files\Common Files\Oracle\Java\javapath;C:\Program Files (x86)\Common Files\Oracle\Java\javapath;C:\Program Files\Microsoft MPI\Bin\;C:\Program Files\Microsoft\jdk-11.0.16.101-hotspot\bin;C:\WINDOWS\system32;C:\WINDOWS;C:\WINDOWS\System32\Wbem;C:\WINDOWS\System32\WindowsPowerShell\v1.0\;C:\WINDOWS\System32\OpenSSH\;C:\Program Files\Microsoft SQL Server\Client SDK\ODBC\170\Tools\Binn\;C:\Program Files (x86)\Microsoft SQL Server\160\Tools\Binn\;C:\Program Files\Microsoft SQL Server\160\Tools\Binn\;C:\Program Files\Microsoft SQL Server\160\DTS\Binn\;C:\Program Files\Azure Data Studio\bin;C:\Program Files (x86)\Microsoft SQL Server\160\DTS\Binn\;C:\Program Files (x86)\QuickTime\QTSystem\;C:\Program Files\Devart\EntityDeveloper\Console;C:\Program Files\Microsoft SQL Server\150\Tools\Binn\;C:\Program Files\Git\cmd;C:\Program Files\nodejs\;C:\Program Files\dotnet\;C:\Program Files\Go\bin;C:\Users\Doomed666\AppData\Local\Microsoft\WindowsApps;C:\Program Files\Azure Data Studio\bin;C:\Program Files\Devart\EntityDeveloper\Console;;C:\Users\Doomed666\AppData\Local\Programs\Microsoft VS Code\bin;C:\Users\Doomed666\AppData\Roaming\npm;C:\Users\Doomed666\.dotnet\tools;C:\Users\Doomed666\go\bin;C:\Program Files\Microsoft\jdk-11.0.16.101-hotspot\bin
JRE paths:	;C:\Program Files\Python311\Scripts\;C:\Program Files\Python311\;C:\app\Doomed666\product\21c\dbhomeXE\bin;C:\Program Files (x86)\Common Files\Intel\Shared Libraries\redist\ia32\compiler;C:\Program Files (x86)\Common Files\Intel\Shared Libraries\redist\intel64\compiler;C:\Program Files\Common Files\Oracle\Java\javapath;C:\Program Files (x86)\Common Files\Oracle\Java\javapath;C:\Program Files\Microsoft MPI\Bin\;C:\Program Files\Microsoft\jdk-11.0.16.101-hotspot\bin;C:\WINDOWS\system32;C:\WINDOWS;C:\WINDOWS\System32\Wbem;C:\WINDOWS\System32\WindowsPowerShell\v1.0\;C:\WINDOWS\System32\OpenSSH\;C:\Program Files\Microsoft SQL Server\Client SDK\ODBC\170\Tools\Binn\;C:\Program Files (x86)\Microsoft SQL Server\160\Tools\Binn\;C:\Program Files\Microsoft SQL Server\160\Tools\Binn\;C:\Program Files\Microsoft SQL Server\160\DTS\Binn\;C:\Program Files\Azure Data Studio\bin;C:\Program Files (x86)\Microsoft SQL Server\160\DTS\Binn\;C:\Program Files (x86)\QuickTime\QTSystem\;C:\Program Files\Devart\EntityDeveloper\Console;C:\Program Files\Microsoft SQL Server\150\Tools\Binn\;C:\Program Files\Git\cmd;C:\Program Files\nodejs\;C:\Program Files\dotnet\;C:\Program Files\Go\bin;C:\Users\Doomed666\AppData\Local\Microsoft\WindowsApps;C:\Program Files\Azure Data Studio\bin;C:\Program Files\Devart\EntityDeveloper\Console;;C:\Users\Doomed666\AppData\Local\Programs\Microsoft VS Code\bin;C:\Users\Doomed666\AppData\Roaming\npm;C:\Users\Doomed666\.dotnet\tools;C:\Users\Doomed666\go\bin;C:\Program Files\Microsoft\jdk-11.0.16.101-hotspot\bin
Check launcher:	C:\Program Files\Python311\Scripts\bin\javaw.exe (not found)
Check launcher:	C:\Program Files\Python311\bin\javaw.exe (not found)
Check launcher:	C:\app\Doomed666\product\21c\dbhomeXE\bin\javaw.exe (not found)
Check launcher:	C:\Program Files (x86)\Common Files\Intel\Shared Libraries\redist\ia32\compiler\bin\javaw.exe (not found)
Check launcher:	C:\Program Files (x86)\Common Files\Intel\Shared Libraries\redist\intel64\compiler\bin\javaw.exe (not found)
Check launcher:	C:\Program Files\Common Files\Oracle\Java\javapath\bin\javaw.exe (not found)
Check launcher:	C:\Program Files (x86)\Common Files\Oracle\Java\javapath\bin\javaw.exe (not found)
Check launcher:	C:\Program Files\Microsoft MPI\Bin\bin\javaw.exe (not found)
Check launcher:	C:\Program Files\Microsoft\jdk-11.0.16.101-hotspot\bin\javaw.exe (OK)
Warning:	formatJavaVersion() too many parts added.
Version string: 1.011.000_016 / 64-Bit (OK)
Launcher:	C:\Program Files\Microsoft\jdk-11.0.16.101-hotspot\bin\javaw.exe
Launcher args:	-jar "C:\Users\Doomed666\Documents\NetBeansProjects\MetReciclaAPP\MetRecicla.exe"
Args length:	81/32768 chars
Exit code:	0


Version:	3.50
CmdLine:	C:\Users\Doomed666\Documents\NetBeansProjects\MetReciclaAPP\MetRecicla.exe --l4j-debug
JNI:		No
WOW64:		Yes
Working dir:	C:\Users\Doomed666\Documents\NetBeansProjects\MetReciclaAPP\.
Requires JDK:	No
Requires 64-Bit: No
Java min ver:	1.010.000
Java max ver:	1.020.000
Substitute:	JAVA_HOME = 
Substitute:	PATH = C:\Program Files\Python311\Scripts\;C:\Program Files\Python311\;C:\app\Doomed666\product\21c\dbhomeXE\bin;C:\Program Files (x86)\Common Files\Intel\Shared Libraries\redist\ia32\compiler;C:\Program Files (x86)\Common Files\Intel\Shared Libraries\redist\intel64\compiler;C:\Program Files\Common Files\Oracle\Java\javapath;C:\Program Files (x86)\Common Files\Oracle\Java\javapath;C:\Program Files\Microsoft MPI\Bin\;C:\Program Files\Microsoft\jdk-11.0.16.101-hotspot\bin;C:\WINDOWS\system32;C:\WINDOWS;C:\WINDOWS\System32\Wbem;C:\WINDOWS\System32\WindowsPowerShell\v1.0\;C:\WINDOWS\System32\OpenSSH\;C:\Program Files\Microsoft SQL Server\Client SDK\ODBC\170\Tools\Binn\;C:\Program Files (x86)\Microsoft SQL Server\160\Tools\Binn\;C:\Program Files\Microsoft SQL Server\160\Tools\Binn\;C:\Program Files\Microsoft SQL Server\160\DTS\Binn\;C:\Program Files\Azure Data Studio\bin;C:\Program Files (x86)\Microsoft SQL Server\160\DTS\Binn\;C:\Program Files (x86)\QuickTime\QTSystem\;C:\Program Files\Devart\EntityDeveloper\Console;C:\Program Files\Microsoft SQL Server\150\Tools\Binn\;C:\Program Files\Git\cmd;C:\Program Files\nodejs\;C:\Program Files\dotnet\;C:\Program Files\Go\bin;C:\Users\Doomed666\AppData\Local\Microsoft\WindowsApps;C:\Program Files\Azure Data Studio\bin;C:\Program Files\Devart\EntityDeveloper\Console;;C:\Users\Doomed666\AppData\Local\Programs\Microsoft VS Code\bin;C:\Users\Doomed666\AppData\Roaming\npm;C:\Users\Doomed666\.dotnet\tools;C:\Users\Doomed666\go\bin;C:\Program Files\Microsoft\jdk-11.0.16.101-hotspot\bin
JRE paths:	;C:\Program Files\Python311\Scripts\;C:\Program Files\Python311\;C:\app\Doomed666\product\21c\dbhomeXE\bin;C:\Program Files (x86)\Common Files\Intel\Shared Libraries\redist\ia32\compiler;C:\Program Files (x86)\Common Files\Intel\Shared Libraries\redist\intel64\compiler;C:\Program Files\Common Files\Oracle\Java\javapath;C:\Program Files (x86)\Common Files\Oracle\Java\javapath;C:\Program Files\Microsoft MPI\Bin\;C:\Program Files\Microsoft\jdk-11.0.16.101-hotspot\bin;C:\WINDOWS\system32;C:\WINDOWS;C:\WINDOWS\System32\Wbem;C:\WINDOWS\System32\WindowsPowerShell\v1.0\;C:\WINDOWS\System32\OpenSSH\;C:\Program Files\Microsoft SQL Server\Client SDK\ODBC\170\Tools\Binn\;C:\Program Files (x86)\Microsoft SQL Server\160\Tools\Binn\;C:\Program Files\Microsoft SQL Server\160\Tools\Binn\;C:\Program Files\Microsoft SQL Server\160\DTS\Binn\;C:\Program Files\Azure Data Studio\bin;C:\Program Files (x86)\Microsoft SQL Server\160\DTS\Binn\;C:\Program Files (x86)\QuickTime\QTSystem\;C:\Program Files\Devart\EntityDeveloper\Console;C:\Program Files\Microsoft SQL Server\150\Tools\Binn\;C:\Program Files\Git\cmd;C:\Program Files\nodejs\;C:\Program Files\dotnet\;C:\Program Files\Go\bin;C:\Users\Doomed666\AppData\Local\Microsoft\WindowsApps;C:\Program Files\Azure Data Studio\bin;C:\Program Files\Devart\EntityDeveloper\Console;;C:\Users\Doomed666\AppData\Local\Programs\Microsoft VS Code\bin;C:\Users\Doomed666\AppData\Roaming\npm;C:\Users\Doomed666\.dotnet\tools;C:\Users\Doomed666\go\bin;C:\Program Files\Microsoft\jdk-11.0.16.101-hotspot\bin
Check launcher:	C:\Program Files\Python311\Scripts\bin\javaw.exe (not found)
Check launcher:	C:\Program Files\Python311\bin\javaw.exe (not found)
Check launcher:	C:\app\Doomed666\product\21c\dbhomeXE\bin\javaw.exe (not found)
Check launcher:	C:\Program Files (x86)\Common Files\Intel\Shared Libraries\redist\ia32\compiler\bin\javaw.exe (not found)
Check launcher:	C:\Program Files (x86)\Common Files\Intel\Shared Libraries\redist\intel64\compiler\bin\javaw.exe (not found)
Check launcher:	C:\Program Files\Common Files\Oracle\Java\javapath\bin\javaw.exe (not found)
Check launcher:	C:\Program Files (x86)\Common Files\Oracle\Java\javapath\bin\javaw.exe (not found)
Check launcher:	C:\Program Files\Microsoft MPI\Bin\bin\javaw.exe (not found)
Check launcher:	C:\Program Files\Microsoft\jdk-11.0.16.101-hotspot\bin\javaw.exe (OK)
Warning:	formatJavaVersion() too many parts added.
Version string: 1.011.000_016 / 64-Bit (OK)
Launcher:	C:\Program Files\Microsoft\jdk-11.0.16.101-hotspot\bin\javaw.exe
Launcher args:	-jar "C:\Users\Doomed666\Documents\NetBeansProjects\MetReciclaAPP\MetRecicla.exe"
Args length:	81/32768 chars
Exit code:	0


Version:	3.50
CmdLine:	C:\Users\Doomed666\Documents\NetBeansProjects\MetReciclaAPP\MetRecicla.exe --l4j-debug
JNI:		No
WOW64:		Yes
Working dir:	C:\Users\Doomed666\Documents\NetBeansProjects\MetReciclaAPP\.
Requires JDK:	Yes
Requires 64-Bit: Yes
Java min ver:	1.018.000
Java max ver:	1.020.000
Substitute:	JAVA_HOME = 
Substitute:	PATH = C:\Program Files\Python311\Scripts\;C:\Program Files\Python311\;C:\app\Doomed666\product\21c\dbhomeXE\bin;C:\Program Files (x86)\Common Files\Intel\Shared Libraries\redist\ia32\compiler;C:\Program Files (x86)\Common Files\Intel\Shared Libraries\redist\intel64\compiler;C:\Program Files\Common Files\Oracle\Java\javapath;C:\Program Files (x86)\Common Files\Oracle\Java\javapath;C:\Program Files\Microsoft MPI\Bin\;C:\Program Files\Microsoft\jdk-11.0.16.101-hotspot\bin;C:\WINDOWS\system32;C:\WINDOWS;C:\WINDOWS\System32\Wbem;C:\WINDOWS\System32\WindowsPowerShell\v1.0\;C:\WINDOWS\System32\OpenSSH\;C:\Program Files\Microsoft SQL Server\Client SDK\ODBC\170\Tools\Binn\;C:\Program Files (x86)\Microsoft SQL Server\160\Tools\Binn\;C:\Program Files\Microsoft SQL Server\160\Tools\Binn\;C:\Program Files\Microsoft SQL Server\160\DTS\Binn\;C:\Program Files\Azure Data Studio\bin;C:\Program Files (x86)\Microsoft SQL Server\160\DTS\Binn\;C:\Program Files (x86)\QuickTime\QTSystem\;C:\Program Files\Devart\EntityDeveloper\Console;C:\Program Files\Microsoft SQL Server\150\Tools\Binn\;C:\Program Files\Git\cmd;C:\Program Files\nodejs\;C:\Program Files\dotnet\;C:\Program Files\Go\bin;C:\Users\Doomed666\AppData\Local\Microsoft\WindowsApps;C:\Program Files\Azure Data Studio\bin;C:\Program Files\Devart\EntityDeveloper\Console;;C:\Users\Doomed666\AppData\Local\Programs\Microsoft VS Code\bin;C:\Users\Doomed666\AppData\Roaming\npm;C:\Users\Doomed666\.dotnet\tools;C:\Users\Doomed666\go\bin;C:\Program Files\Microsoft\jdk-11.0.16.101-hotspot\bin
JRE paths:	;C:\Program Files\Python311\Scripts\;C:\Program Files\Python311\;C:\app\Doomed666\product\21c\dbhomeXE\bin;C:\Program Files (x86)\Common Files\Intel\Shared Libraries\redist\ia32\compiler;C:\Program Files (x86)\Common Files\Intel\Shared Libraries\redist\intel64\compiler;C:\Program Files\Common Files\Oracle\Java\javapath;C:\Program Files (x86)\Common Files\Oracle\Java\javapath;C:\Program Files\Microsoft MPI\Bin\;C:\Program Files\Microsoft\jdk-11.0.16.101-hotspot\bin;C:\WINDOWS\system32;C:\WINDOWS;C:\WINDOWS\System32\Wbem;C:\WINDOWS\System32\WindowsPowerShell\v1.0\;C:\WINDOWS\System32\OpenSSH\;C:\Program Files\Microsoft SQL Server\Client SDK\ODBC\170\Tools\Binn\;C:\Program Files (x86)\Microsoft SQL Server\160\Tools\Binn\;C:\Program Files\Microsoft SQL Server\160\Tools\Binn\;C:\Program Files\Microsoft SQL Server\160\DTS\Binn\;C:\Program Files\Azure Data Studio\bin;C:\Program Files (x86)\Microsoft SQL Server\160\DTS\Binn\;C:\Program Files (x86)\QuickTime\QTSystem\;C:\Program Files\Devart\EntityDeveloper\Console;C:\Program Files\Microsoft SQL Server\150\Tools\Binn\;C:\Program Files\Git\cmd;C:\Program Files\nodejs\;C:\Program Files\dotnet\;C:\Program Files\Go\bin;C:\Users\Doomed666\AppData\Local\Microsoft\WindowsApps;C:\Program Files\Azure Data Studio\bin;C:\Program Files\Devart\EntityDeveloper\Console;;C:\Users\Doomed666\AppData\Local\Programs\Microsoft VS Code\bin;C:\Users\Doomed666\AppData\Roaming\npm;C:\Users\Doomed666\.dotnet\tools;C:\Users\Doomed666\go\bin;C:\Program Files\Microsoft\jdk-11.0.16.101-hotspot\bin
Check launcher:	C:\Program Files\Python311\Scripts\bin\javaw.exe (not found)
Check launcher:	C:\Program Files\Python311\bin\javaw.exe (not found)
Check launcher:	C:\app\Doomed666\product\21c\dbhomeXE\bin\javaw.exe (not found)
Check launcher:	C:\Program Files (x86)\Common Files\Intel\Shared Libraries\redist\ia32\compiler\bin\javaw.exe (not found)
Check launcher:	C:\Program Files (x86)\Common Files\Intel\Shared Libraries\redist\intel64\compiler\bin\javaw.exe (not found)
Check launcher:	C:\Program Files\Common Files\Oracle\Java\javapath\bin\javaw.exe (not found)
Check launcher:	C:\Program Files (x86)\Common Files\Oracle\Java\javapath\bin\javaw.exe (not found)
Check launch

Version:	3.50
CmdLine:	C:\Users\Doomed666\Documents\NetBeansProjects\MetReciclaAPP\MetRecicla.exe --l4j-debug
JNI:		No
WOW64:		Yes
Working dir:	C:\Users\Doomed666\Documents\NetBeansProjects\MetReciclaAPP\.
Requires JDK:	Yes
Requires 64-Bit: Yes
Java min ver:	1.018.000
Java max ver:	1.020.000
Substitute:	JAVA_HOME = 
Substitute:	PATH = C:\Program Files\Python311\Scripts\;C:\Program Files\Python311\;C:\app\Doomed666\product\21c\dbhomeXE\bin;C:\Program Files (x86)\Common Files\Intel\Shared Libraries\redist\ia32\compiler;C:\Program Files (x86)\Common Files\Intel\Shared Libraries\redist\intel64\compiler;C:\Program Files\Common Files\Oracle\Java\javapath;C:\Program Files (x86)\Common Files\Oracle\Java\javapath;C:\Program Files\Microsoft MPI\Bin\;C:\Program Files\Microsoft\jdk-11.0.16.101-hotspot\bin;C:\WINDOWS\system32;C:\WINDOWS;C:\WINDOWS\System32\Wbem;C:\WINDOWS\System32\WindowsPowerShell\v1.0\;C:\WINDOWS\System32\OpenSSH\;C:\Program Files\Microsoft SQL Server\Client SDK\ODBC\170\Tools\Binn\;C:\Program Files (x86)\Microsoft SQL Server\160\Tools\Binn\;C:\Program Files\Microsoft SQL Server\160\Tools\Binn\;C:\Program Files\Microsoft SQL Server\160\DTS\Binn\;C:\Program Files\Azure Data Studio\bin;C:\Program Files (x86)\Microsoft SQL Server\160\DTS\Binn\;C:\Program Files (x86)\QuickTime\QTSystem\;C:\Program Files\Devart\EntityDeveloper\Console;C:\Program Files\Microsoft SQL Server\150\Tools\Binn\;C:\Program Files\Git\cmd;C:\Program Files\nodejs\;C:\Program Files\dotnet\;C:\Program Files\Go\bin;C:\Users\Doomed666\AppData\Local\Microsoft\WindowsApps;C:\Program Files\Azure Data Studio\bin;C:\Program Files\Devart\EntityDeveloper\Console;;C:\Users\Doomed666\AppData\Local\Programs\Microsoft VS Code\bin;C:\Users\Doomed666\AppData\Roaming\npm;C:\Users\Doomed666\.dotnet\tools;C:\Users\Doomed666\go\bin;C:\Program Files\Microsoft\jdk-11.0.16.101-hotspot\bin
JRE paths:	;C:\Program Files\Python311\Scripts\;C:\Program Files\Python311\;C:\app\Doomed666\product\21c\dbhomeXE\bin;C:\Program Files (x86)\Common Files\Intel\Shared Libraries\redist\ia32\compiler;C:\Program Files (x86)\Common Files\Intel\Shared Libraries\redist\intel64\compiler;C:\Program Files\Common Files\Oracle\Java\javapath;C:\Program Files (x86)\Common Files\Oracle\Java\javapath;C:\Program Files\Microsoft MPI\Bin\;C:\Program Files\Microsoft\jdk-11.0.16.101-hotspot\bin;C:\WINDOWS\system32;C:\WINDOWS;C:\WINDOWS\System32\Wbem;C:\WINDOWS\System32\WindowsPowerShell\v1.0\;C:\WINDOWS\System32\OpenSSH\;C:\Program Files\Microsoft SQL Server\Client SDK\ODBC\170\Tools\Binn\;C:\Program Files (x86)\Microsoft SQL Server\160\Tools\Binn\;C:\Program Files\Microsoft SQL Server\160\Tools\Binn\;C:\Program Files\Microsoft SQL Server\160\DTS\Binn\;C:\Program Files\Azure Data Studio\bin;C:\Program Files (x86)\Microsoft SQL Server\160\DTS\Binn\;C:\Program Files (x86)\QuickTime\QTSystem\;C:\Program Files\Devart\EntityDeveloper\Console;C:\Program Files\Microsoft SQL Server\150\Tools\Binn\;C:\Program Files\Git\cmd;C:\Program Files\nodejs\;C:\Program Files\dotnet\;C:\Program Files\Go\bin;C:\Users\Doomed666\AppData\Local\Microsoft\WindowsApps;C:\Program Files\Azure Data Studio\bin;C:\Program Files\Devart\EntityDeveloper\Console;;C:\Users\Doomed666\AppData\Local\Programs\Microsoft VS Code\bin;C:\Users\Doomed666\AppData\Roaming\npm;C:\Users\Doomed666\.dotnet\tools;C:\Users\Doomed666\go\bin;C:\Program Files\Microsoft\jdk-11.0.16.101-hotspot\bin
Check launcher:	C:\Program Files\Python311\Scripts\bin\javaw.exe (not found)
Check launcher:	C:\Program Files\Python311\bin\javaw.exe (not found)
Check launcher:	C:\app\Doomed666\product\21c\dbhomeXE\bin\javaw.exe (not found)
Check launcher:	C:\Program Files (x86)\Common Files\Intel\Shared Libraries\redist\ia32\compiler\bin\javaw.exe (not found)
Check launcher:	C:\Program Files (x86)\Common Files\Intel\Shared Libraries\redist\intel64\compiler\bin\javaw.exe (not found)
Check launcher:	C:\Program Files\Common Files\Oracle\Java\javapath\bin\javaw.exe (not found)
Check launcher:	C:\Program Files (x86)\Common Files\Oracle\Java\javapath\bin\javaw.exe (not found)
Check launcher:	C:\Program Files\Microsoft MPI\Bin\bin\javaw.exe (not found)
Check launcher:	C:\Program Files\Microsoft\jdk-11.0.16.101-hotspot\bin\javaw.exe (OK)
Check javac:	C:\Program Files\Microsoft\jdk-11.0.16.101-hotspot\bin\javac.exe (OK)
Warning:	formatJavaVersion() too many parts added.
Version string: 1.011.000_016 / 64-Bit (Ignore)
Check launcher:	C:\WINDOWS\system32\bin\javaw.exe (not found)
Check launcher:	C:\WINDOWS\bin\javaw.exe (not found)
Check launcher:	C:\WINDOWS\System32\Wbem\bin\javaw.exe (not found)
Check launcher:	C:\WINDOWS\System32\WindowsPowerShell\v1.0\bin\javaw.exe (not found)
Check launcher:	C:\WINDOWS\System32\OpenSSH\bin\javaw.exe (not found)
Check launcher:	C:\Program Files\Microsoft SQL Server\Client SDK\ODBC\170\Tools\Binn\bin\javaw.exe (not found)
Check launcher:	C:\Program Files (x86)\Microsoft SQL Server\160\Tools\Binn\bin\javaw.exe (not found)
Check launcher:	C:\Program Files\Microsoft SQL Server\160\Tools\Binn\bin\javaw.exe (not found)
Check launcher:	C:\Program Files\Microsoft SQL Server\160\DTS\Binn\bin\javaw.exe (not found)
Check launcher:	C:\Program Files\Azure Data Studio\bin\javaw.exe (not found)
Check launcher:	C:\Program Files (x86)\Microsoft SQL Server\160\DTS\Binn\bin\javaw.exe (not found)
Check launcher:	C:\Program Files (x86)\QuickTime\QTSystem\bin\javaw.exe (not found)
Check launcher:	C:\Program Files\Devart\EntityDeveloper\Console\bin\javaw.exe (not found)
Check launcher:	C:\Program Files\Microsoft SQL Server\150\Tools\Binn\bin\javaw.exe (not found)
Check launcher:	C:\Program Files\Git\cmd\bin\javaw.exe (not found)
Check launcher:	C:\Program Files\nodejs\bin\javaw.exe (not found)
Check launcher:	C:\Program Files\dotnet\bin\javaw.exe (not found)
Check launcher:	C:\Program Files\Go\bin\javaw.exe (not found)
Check launcher:	C:\Users\Doomed666\AppData\Local\Microsoft\WindowsApps\bin\javaw.exe (not found)
Check launcher:	C:\Program Files\Azure Data Studio\bin\javaw.exe (not found)
Check launcher:	C:\Program Files\Devart\EntityDeveloper\Console\bin\javaw.exe (not found)
Check launcher:	C:\Users\Doomed666\AppData\Local\Programs\Microsoft VS Code\bin\javaw.exe (not found)
Check launcher:	C:\Users\Doomed666\AppData\Roaming\npm\bin\javaw.exe (not found)
Check launcher:	C:\Users\Doomed666\.dotnet\tools\bin\javaw.exe (not found)
Check launcher:	C:\Users\Doomed666\go\bin\javaw.exe (not found)
Check launcher:	C:\Program Files\Microsoft\jdk-11.0.16.101-hotspot\bin\javaw.exe (OK)
Check javac:	C:\Program Files\Microsoft\jdk-11.0.16.101-hotspot\bin\javac.exe (OK)
Warning:	formatJavaVersion() too many parts added.
Version string: 1.011.000_016 / 64-Bit (Ignore)
64-bit search:	SOFTWARE\JavaSoft\Java Development Kit...
64-bit search:	SOFTWARE\JavaSoft\JDK...
Check:		SOFTWARE\JavaSoft\JDK\20.0.1
Version string: 1.020.000_001 / 64-Bit (Ignore)
Ignore:		1.020.000_001
64-bit search:	SOFTWARE\IBM\Java Development Kit...
64-bit search:	SOFTWARE\IBM\Java Development Kit...
Error msg:	This application requires a Java Runtime Environment 18 - 20 (64-bit)
er:	C:\Program Files\Microsoft MPI\Bin\bin\javaw.exe (not found)
Check launcher:	C:\Program Files\Microsoft\jdk-11.0.16.101-hotspot\bin\javaw.exe (OK)
Check javac:	C:\Program Files\Microsoft\jdk-11.0.16.101-hotspot\bin\javac.exe (OK)
Warning:	formatJavaVersion() too many parts added.
Version string: 1.011.000_016 / 64-Bit (Ignore)
Check launcher:	C:\WINDOWS\system32\bin\javaw.exe (not found)
Check launcher:	C:\WINDOWS\bin\javaw.exe (not found)
Check launcher:	C:\WINDOWS\System32\Wbem\bin\javaw.exe (not found)
Check launcher:	C:\WINDOWS\System32\WindowsPowerShell\v1.0\bin\javaw.exe (not found)
Check launcher:	C:\WINDOWS\System32\OpenSSH\bin\javaw.exe (not found)
Check launcher:	C:\Program Files\Microsoft SQL Server\Client SDK\ODBC\170\Tools\Binn\bin\javaw.exe (not found)
Check launcher:	C:\Program Files (x86)\Microsoft SQL Server\160\Tools\Binn\bin\javaw.exe (not found)
Check launcher:	C:\Program Files\Microsoft SQL Server\160\Tools\Binn\bin\javaw.exe (not found)
Check launcher:	C:\Program Files\Microsoft SQL Server\160\DTS\Binn\bin\javaw.exe (not found)
Check launcher:	C:\Program Files\Azure Data Studio\bin\javaw.exe (not found)
Check launcher:	C:\Program Files (x86)\Microsoft SQL Server\160\DTS\Binn\bin\javaw.exe (not found)
Check launcher:	C:\Program Files (x86)\QuickTime\QTSystem\bin\javaw.exe (not found)
Check launcher:	C:\Program Files\Devart\EntityDeveloper\Console\bin\javaw.exe (not found)
Check launcher:	C:\Program Files\Microsoft SQL Server\150\Tools\Binn\bin\javaw.exe (not found)
Check launcher:	C:\Program Files\Git\cmd\bin\javaw.exe (not found)
Check launcher:	C:\Program Files\nodejs\bin\javaw.exe (not found)
Check launcher:	C:\Program Files\dotnet\bin\javaw.exe (not found)
Check launcher:	C:\Program Files\Go\bin\javaw.exe (not found)
Check launcher:	C:\Users\Doomed666\AppData\Local\Microsoft\WindowsApps\bin\javaw.exe (not found)
Check launcher:	C:\Program Files\Azure Data Studio\bin\javaw.exe (not found)
Check launcher:	C:\Program Files\Devart\EntityDeveloper\Console\bin\javaw.exe (not found)
Check launcher:	C:\Users\Doomed666\AppData\Local\Programs\Microsoft VS Code\bin\javaw.exe (not found)
Check launcher:	C:\Users\Doomed666\AppData\Roaming\npm\bin\javaw.exe (not found)
Check launcher:	C:\Users\Doomed666\.dotnet\tools\bin\javaw.exe (not found)
Check launcher:	C:\Users\Doomed666\go\bin\javaw.exe (not found)
Check launcher:	C:\Program Files\Microsoft\jdk-11.0.16.101-hotspot\bin\javaw.exe (OK)
Check javac:	C:\Program Files\Microsoft\jdk-11.0.16.101-hotspot\bin\javac.exe (OK)
Warning:	formatJavaVersion() too many parts added.
Version string: 1.011.000_016 / 64-Bit (Ignore)
64-bit search:	SOFTWARE\JavaSoft\Java Development Kit...
64-bit search:	SOFTWARE\JavaSoft\JDK...
Check:		SOFTWARE\JavaSoft\JDK\20.0.1
Version string: 1.020.000_001 / 64-Bit (Ignore)
Ignore:		1.020.000_001
64-bit search:	SOFTWARE\IBM\Java Development Kit...
64-bit search:	SOFTWARE\IBM\Java Development Kit...
Error msg:	This application requires a Java Runtime Environment 18 - 20 (64-bit)


Version:	3.50
CmdLine:	C:\Users\Doomed666\Documents\NetBeansProjects\MetReciclaAPP\MetRecicla.exe --l4j-debug
JNI:		No
WOW64:		Yes
Working dir:	C:\Users\Doomed666\Documents\NetBeansProjects\MetReciclaAPP\.
Requires JDK:	No
Requires 64-Bit: No
Java min ver:	1.011.000
Java max ver:	1.020.000
Substitute:	JAVA_HOME = 
Substitute:	PATH = C:\Program Files\Python311\Scripts\;C:\Program Files\Python311\;C:\app\Doomed666\product\21c\dbhomeXE\bin;C:\Program Files (x86)\Common Files\Intel\Shared Libraries\redist\ia32\compiler;C:\Program Files (x86)\Common Files\Intel\Shared Libraries\redist\intel64\compiler;C:\Program Files\Common Files\Oracle\Java\javapath;C:\Program Files (x86)\Common Files\Oracle\Java\javapath;C:\Program Files\Microsoft MPI\Bin\;C:\Program Files\Microsoft\jdk-11.0.16.101-hotspot\bin;C:\WINDOWS\system32;C:\WINDOWS;C:\WINDOWS\System32\Wbem;C:\WINDOWS\System32\WindowsPowerShell\v1.0\;C:\WINDOWS\System32\OpenSSH\;C:\Program Files\Microsoft SQL Server\Client SDK\ODBC\170\Tools\Binn\;C:\Program Files (x86)\Microsoft SQL Server\160\Tools\Binn\;C:\Program Files\Microsoft SQL Server\160\Tools\Binn\;C:\Program Files\Microsoft SQL Server\160\DTS\Binn\;C:\Program Files\Azure Data Studio\bin;C:\Program Files (x86)\Microsoft SQL Server\160\DTS\Binn\;C:\Program Files (x86)\QuickTime\QTSystem\;C:\Program Files\Devart\EntityDeveloper\Console;C:\Program Files\Microsoft SQL Server\150\Tools\Binn\;C:\Program Files\Git\cmd;C:\Program Files\nodejs\;C:\Program Files\dotnet\;C:\Program Files\Go\bin;C:\Users\Doomed666\AppData\Local\Microsoft\WindowsApps;C:\Program Files\Azure Data Studio\bin;C:\Program Files\Devart\EntityDeveloper\Console;;C:\Users\Doomed666\AppData\Local\Programs\Microsoft VS Code\bin;C:\Users\Doomed666\AppData\Roaming\npm;C:\Users\Doomed666\.dotnet\tools;C:\Users\Doomed666\go\bin;C:\Program Files\Microsoft\jdk-11.0.16.101-hotspot\bin
JRE paths:	;C:\Program Files\Python311\Scripts\;C:\Program Files\Python311\;C:\app\Doomed666\product\21c\dbhomeXE\bin;C:\Program Files (x86)\Common Files\Intel\Shared Libraries\redist\ia32\compiler;C:\Program Files (x86)\Common Files\Intel\Shared Libraries\redist\intel64\compiler;C:\Program Files\Common Files\Oracle\Java\javapath;C:\Program Files (x86)\Common Files\Oracle\Java\javapath;C:\Program Files\Microsoft MPI\Bin\;C:\Program Files\Microsoft\jdk-11.0.16.101-hotspot\bin;C:\WINDOWS\system32;C:\WINDOWS;C:\WINDOWS\System32\Wbem;C:\WINDOWS\System32\WindowsPowerShell\v1.0\;C:\WINDOWS\System32\OpenSSH\;C:\Program Files\Microsoft SQL Server\Client SDK\ODBC\170\Tools\Binn\;C:\Program Files (x86)\Microsoft SQL Server\160\Tools\Binn\;C:\Program Files\Microsoft SQL Server\160\Tools\Binn\;C:\Program Files\Microsoft SQL Server\160\DTS\Binn\;C:\Program Files\Azure Data Studio\bin;C:\Program Files (x86)\Microsoft SQL Server\160\DTS\Binn\;C:\Program Files (x86)\QuickTime\QTSystem\;C:\Program Files\Devart\EntityDeveloper\Console;C:\Program Files\Microsoft SQL Server\150\Tools\Binn\;C:\Program Files\Git\cmd;C:\Program Files\nodejs\;C:\Program Files\dotnet\;C:\Program Files\Go\bin;C:\Users\Doomed666\AppData\Local\Microsoft\WindowsApps;C:\Program Files\Azure Data Studio\bin;C:\Program Files\Devart\EntityDeveloper\Console;;C:\Users\Doomed666\AppData\Local\Programs\Microsoft VS Code\bin;C:\Users\Doomed666\AppData\Roaming\npm;C:\Users\Doomed666\.dotnet\tools;C:\Users\Doomed666\go\bin;C:\Program Files\Microsoft\jdk-11.0.16.101-hotspot\bin
Check launcher:	C:\Program Files\Python311\Scripts\bin\javaw.exe (not found)
Check launcher:	C:\Program Files\Python311\bin\javaw.exe (not found)
Check launcher:	C:\app\Doomed666\product\21c\dbhomeXE\bin\javaw.exe (not found)
Check launcher:	C:\Program Files (x86)\Common Files\Intel\Shared Libraries\redist\ia32\compiler\bin\javaw.exe (not found)
Check launcher:	C:\Program Files (x86)\Common Files\Intel\Shared Libraries\redist\intel64\compiler\bin\javaw.exe (not found)
Check launcher:	C:\Program Files\Common Files\Oracle\Java\javapath\bin\javaw.exe (not found)
Check launcher:	C:\Program Files (x86)\Common Files\Oracle\Java\javapath\bin\javaw.exe (not found)
Check launcher:	C:\Program Files\Microsoft MPI\Bin\bin\javaw.exe (not found)
Check launcher:	C:\Program Files\Microsoft\jdk-11.0.16.101-hotspot\bin\javaw.exe (OK)
Warning:	formatJavaVersion() too many parts added.
Version string: 1.011.000_016 / 64-Bit (OK)
Launcher:	C:\Program Files\Microsoft\jdk-11.0.16.101-hotspot\bin\javaw.exe
Launcher args:	-jar "C:\Users\Doomed666\Documents\NetBeansProjects\MetReciclaAPP\MetRecicla.exe"
Args length:	81/32768 chars
Exit code:	0


Version:	3.50
CmdLine:	C:\Users\Doomed666\Documents\NetBeansProjects\MetReciclaAPP\MetRecicla.exe --l4j-debug
JNI:		No
WOW64:		Yes
Working dir:	C:\Users\Doomed666\Documents\NetBeansProjects\MetReciclaAPP\.
Requires JDK:	No
Requires 64-Bit: No
Java min ver:	1.020.000_001
Java max ver:	1.021.000
Substitute:	JAVA_HOME = 
Substitute:	PATH = C:\Program Files\Python311\Scripts\;C:\Program Files\Python311\;C:\app\Doomed666\product\21c\dbhomeXE\bin;C:\Program Files (x86)\Common Files\Intel\Shared Libraries\redist\ia32\compiler;C:\Program Files (x86)\Common Files\Intel\Shared Libraries\redist\intel64\compiler;C:\Program Files\Common Files\Oracle\Java\javapath;C:\Program Files (x86)\Common Files\Oracle\Java\javapath;C:\Program Files\Microsoft MPI\Bin\;C:\Program Files\Microsoft\jdk-11.0.16.101-hotspot\bin;C:\WINDOWS\system32;C:\WINDOWS;C:\WINDOWS\System32\Wbem;C:\WINDOWS\System32\WindowsPowerShell\v1.0\;C:\WINDOWS\System32\OpenSSH\;C:\Program Files\Microsoft SQL Server\Client SDK\ODBC\170\Tools\Binn\;C:\Program Files (x86)\Microsoft SQL Server\160\Tools\Binn\;C:\Program Files\Microsoft SQL Server\160\Tools\Binn\;C:\Program Files\Microsoft SQL Server\160\DTS\Binn\;C:\Program Files\Azure Data Studio\bin;C:\Program Files (x86)\Microsoft SQL Server\160\DTS\Binn\;C:\Program Files (x86)\QuickTime\QTSystem\;C:\Program Files\Devart\EntityDeveloper\Console;C:\Program Files\Microsoft SQL Server\150\Tools\Binn\;C:\Program Files\Git\cmd;C:\Program Files\nodejs\;C:\Program Files\dotnet\;C:\Program Files\Go\bin;C:\Users\Doomed666\AppData\Local\Microsoft\WindowsApps;C:\Program Files\Azure Data Studio\bin;C:\Program Files\Devart\EntityDeveloper\Console;;C:\Users\Doomed666\AppData\Local\Programs\Microsoft VS Code\bin;C:\Users\Doomed666\AppData\Roaming\npm;C:\Users\Doomed666\.dotnet\tools;C:\Users\Doomed666\go\bin;C:\Program Files\Microsoft\jdk-11.0.16.101-hotspot\bin
JRE paths:	;C:\Program Files\Python311\Scripts\;C:\Program Files\Python311\;C:\app\Doomed666\product\21c\dbhomeXE\bin;C:\Program Files (x86)\Common Files\Intel\Shared Libraries\redist\ia32\compiler;C:\Program Files (x86)\Common Files\Intel\Shared Libraries\redist\intel64\compiler;C:\Program Files\Common Files\Oracle\Java\javapath;C:\Program Files (x86)\Common Files\Oracle\Java\javapath;C:\Program Files\Microsoft MPI\Bin\;C:\Program Files\Microsoft\jdk-11.0.16.101-hotspot\bin;C:\WINDOWS\system32;C:\WINDOWS;C:\WINDOWS\System32\Wbem;C:\WINDOWS\System32\WindowsPowerShell\v1.0\;C:\WINDOWS\System32\OpenSSH\;C:\Program Files\Microsoft SQL Server\Client SDK\ODBC\170\Tools\Binn\;C:\Program Files (x86)\Microsoft SQL Server\160\Tools\Binn\;C:\Program Files\Microsoft SQL Server\160\Tools\Binn\;C:\Program Files\Microsoft SQL Server\160\DTS\Binn\;C:\Program Files\Azure Data Studio\bin;C:\Program Files (x86)\Microsoft SQL Server\160\DTS\Binn\;C:\Program Files (x86)\QuickTime\QTSystem\;C:\Program Files\Devart\EntityDeveloper\Console;C:\Program Files\Microsoft SQL Server\150\Tools\Binn\;C:\Program Files\Git\cmd;C:\Program Files\nodejs\;C:\Program Files\dotnet\;C:\Program Files\Go\bin;C:\Users\Doomed666\AppData\Local\Microsoft\WindowsApps;C:\Program Files\Azure Data Studio\bin;C:\Program Files\Devart\EntityDeveloper\Console;;C:\Users\Doomed666\AppData\Local\Programs\Microsoft VS Code\bin;C:\Users\Doomed666\AppData\Roaming\npm;C:\Users\Doomed666\.dotnet\tools;C:\Users\Doomed666\go\bin;C:\Program Files\Microsoft\jdk-11.0.16.101-hotspot\bin
Check launcher:	C:\Program Files\Python311\Scripts\bin\javaw.exe (not found)
Check launcher:	C:\Program Files\Python311\bin\javaw.exe (not found)
Check launcher:	C:\app\Doomed666\product\21c\dbhomeXE\bin\javaw.exe (not found)
Check launcher:	C:\Program Files (x86)\Common Files\Intel\Shared Libraries\redist\ia32\compiler\bin\javaw.exe (not found)
Check launcher:	C:\Program Files (x86)\Common Files\Intel\Shared Libraries\redist\intel64\compiler\bin\javaw.exe (not found)
Check launcher:	C:\Program Files\Common Files\Oracle\Java\javapath\bin\javaw.exe (not found)
Check launcher:	C:\Program Files (x86)\Common Files\Oracle\Java\javapath\bin\javaw.exe (not found)
Check launcher:	C:\Program Files\Microsoft MPI\Bin\bin\javaw.exe (not found)
Check launcher:	C:\Program Files\Microsoft\jdk-11.0.16.101-hotspot\bin\javaw.exe (OK)
Warning:	formatJavaVersion() too many parts added.
Version string: 1.011.000_016 / 64-Bit (Ignore)
Check launcher:	C:\WINDOWS\system32\bin\javaw.exe (not found)
Check launcher:	C:\WINDOWS\bin\javaw.exe (not found)
Check launcher:	C:\WINDOWS\System32\Wbem\bin\javaw.exe (not found)
Check launcher:	C:\WINDOWS\System32\WindowsPowerShell\v1.0\bin\javaw.exe (not found)
Check launcher:	C:\WINDOWS\System32\OpenSSH\bin\javaw.exe (not found)
Check launcher:	C:\Program Files\Microsoft SQL Server\Client SDK\ODBC\170\Tools\Binn\bin\javaw.exe (not found)
Check launcher:	C:\Program Files (x86)\Microsoft SQL Server\160\Tools\Binn\bin\javaw.exe (not found)
Check launcher:	C:\Program Files\Microsoft SQL Server\160\Tools\Binn\bin\javaw.exe (not found)
Check launcher:	C:\Program Files\Microsoft SQL Server\160\DTS\Binn\bin\javaw.exe (not found)
Check launcher:	C:\Program Files\Azure Data Studio\bin\javaw.exe (not found)
Check launcher:	C:\Program Files (x86)\Microsoft SQL Server\160\DTS\Binn\bin\javaw.exe (not found)
Check launcher:	C:\Program Files (x86)\QuickTime\QTSystem\bin\javaw.exe (not found)
Check launcher:	C:\Program Files\Devart\EntityDeveloper\Console\bin\javaw.exe (not found)
Check launcher:	C:\Program Files\Microsoft SQL Server\150\Tools\Binn\bin\javaw.exe (not found)
Check launcher:	C:\Program Files\Git\cmd\bin\javaw.exe (not found)
Check launcher:	C:\Program Files\nodejs\bin\javaw.exe (not found)
Check launcher:	C:\Program Files\dotnet\bin\javaw.exe (not found)
Check launcher:	C:\Program Files\Go\bin\javaw.exe (not found)
Check launcher:	C:\Users\Doomed666\AppData\Local\Microsoft\WindowsApps\bin\javaw.exe (not found)
Check launcher:	C:\Program Files\Azure Data Studio\bin\javaw.exe (not found)
Check launcher:	C:\Program Files\Devart\EntityDeveloper\Console\bin\javaw.exe (not found)
Check launcher:	C:\Users\Doomed666\AppData\Local\Programs\Microsoft VS Code\bin\javaw.exe (not found)
Check launcher:	C:\Users\Doomed666\AppData\Roaming\npm\bin\javaw.exe (not found)
Check launcher:	C:\Users\Doomed666\.dotnet\tools\bin\javaw.exe (not found)
Check launcher:	C:\Users\Doomed666\go\bin\javaw.exe (not found)
Check launcher:	C:\Program Files\Microsoft\jdk-11.0.16.101-hotspot\bin\javaw.exe (OK)
Warning:	formatJavaVersion() too many parts added.
Version string: 1.011.000_016 / 64-Bit (Ignore)
64-bit search:	SOFTWARE\JavaSoft\Java Runtime Environment...
32-bit search:	SOFTWARE\JavaSoft\Java Runtime Environment...
Check:		SOFTWARE\JavaSoft\Java Runtime Environment\1.8
Version string: 1.008.000 / 32-Bit (Ignore)
Ignore:		1.008.000
Check:		SOFTWARE\JavaSoft\Java Runtime Environment\1.8.0_381
Version string: 1.008.000_381 / 32-Bit (Ignore)
Ignore:		1.008.000_381
64-bit search:	SOFTWARE\JavaSoft\Java Development Kit...
32-bit search:	SOFTWARE\JavaSoft\Java Development Kit...
64-bit search:	SOFTWARE\JavaSoft\JRE...
32-bit search:	SOFTWARE\JavaSoft\JRE...
64-bit search:	SOFTWARE\JavaSoft\JDK...
Check:		SOFTWARE\JavaSoft\JDK\20.0.1
Version string: 1.020.000_001 / 64-Bit (OK)
Check launcher:	C:\Program Files\Java\jdk-20\bin\javaw.exe (OK)
Match:		1.020.000_001
Runtime used:	1.020.000_001 (64-bit)
Launcher:	C:\Program Files\Java\jdk-20\bin\javaw.exe
Launcher args:	-jar "C:\Users\Doomed666\Documents\NetBeansProjects\MetReciclaAPP\MetRecicla.exe"
Args length:	81/32768 chars
Exit code:	0
